<?xml version="1.0" encoding="UTF-8"?>
<!-- Generated by org.testng.reporters.JUnitXMLReporter -->
<testsuite ignored="0" hostname="THs-MacBook-Pro.local" failures="1" tests="55" name="Regression" time="51.926" errors="0" timestamp="2023-11-20T11:24:05 IST">
  <testcase classname="test.TokenGenerator" name="getToken" time="3.577"/>
  <testcase classname="test.CentreTestCases" name="testPostCentre" time="1.857"/>
  <testcase classname="test.CentreTestCases" name="testPatchCentre" time="0.973"/>
  <testcase classname="test.CentreTestCases" name="testGetCentre" time="1.242"/>
  <testcase classname="test.CentreTestCases" name="testListCentres" time="1.182"/>
  <testcase classname="test.CategoryTestCases" name="testCreateCategory" time="0.844"/>
  <testcase classname="test.CategoryTestCases" name="testPatchCategory" time="0.76"/>
  <testcase classname="test.CategoryTestCases" name="testGetCategory" time="0.686"/>
  <testcase classname="test.CategoryTestCases" name="testListCategories" time="0.644"/>
  <testcase classname="test.CategoryTestCases" name="testDeletecategory" time="0.698"/>
  <testcase classname="test.RetailerTestCases" name="testCreateRetailer" time="0.881"/>
  <testcase classname="test.RetailerTestCases" name="testUpdateRetailer" time="0.863"/>
  <testcase classname="test.RetailerTestCases" name="testGetRetailer" time="1.047"/>
  <testcase classname="test.RetailerTestCases" name="testListRetailers" time="0.73"/>
  <testcase classname="test.StoreTestCases" name="testCreateStore" time="0.672"/>
  <testcase classname="test.StoreTestCases" name="testUpdateStore" time="1.16"/>
  <testcase classname="test.StoreTestCases" name="testGetStore" time="0.62"/>
  <testcase classname="test.StoreTestCases" name="testListStores" time="1.037"/>
  <testcase classname="test.NoticeTestCases" name="testCreateNotice" time="1.005"/>
  <testcase classname="test.NoticeTestCases" name="testUpdateNotice" time="0.703"/>
  <testcase classname="test.NoticeTestCases" name="testGetNotice" time="0.651"/>
  <testcase classname="test.NoticeTestCases" name="testListNotices" time="0.795"/>
  <testcase classname="test.NoticeTestCases" name="testDeleteNotice" time="0.684"/>
  <testcase classname="test.CentreDirectoryServiceTestCases" name="testCreateService" time="0.768"/>
  <testcase classname="test.CentreDirectoryServiceTestCases" name="testUpdateService" time="0.7"/>
  <testcase classname="test.CentreDirectoryServiceTestCases" name="testGetService" time="0.714"/>
  <testcase classname="test.CentreDirectoryServiceTestCases" name="testListServices" time="1.01"/>
  <testcase classname="test.CentreDirectoryServiceTestCases" name="testDeleteService" time="0.581"/>
  <testcase classname="test.CentreDirectoryServiceTypeTestCases" name="testCreateServiceType" time="0.668"/>
  <testcase classname="test.CentreDirectoryServiceTypeTestCases" name="testUpdateServiceType" time="0.655"/>
  <testcase classname="test.CentreDirectoryServiceTypeTestCases" name="testGetServiceType" time="0.62"/>
  <testcase classname="test.CentreDirectoryServiceTypeTestCases" name="testListServicesTypes" time="0.728"/>
  <testcase classname="test.CentreDirectoryServiceTypeTestCases" name="testDeleteServiceType" time="0.558"/>
  <testcase classname="test.DealTestCases" name="testCreateDeal" time="0.895"/>
  <testcase classname="test.DealTestCases" name="testUpdateDeal" time="0.743"/>
  <testcase classname="test.DealTestCases" name="testGetDeal" time="0.655"/>
  <testcase classname="test.DealTestCases" name="testListDeals" time="1.464"/>
  <testcase classname="test.DealTestCases" name="testDeleteDeal" time="0.68"/>
  <testcase classname="test.ScheduleTestCases" name="testCreateSchedule" time="0.685"/>
  <testcase classname="test.ScheduleTestCases" name="testUpdateSchedule" time="0.609"/>
  <testcase classname="test.ScheduleTestCases" name="testGetSchedule" time="0.844"/>
  <testcase classname="test.ScheduleTestCases" name="testListSchedules" time="3.303"/>
  <testcase classname="test.ScheduleTestCases" name="testDeleteSchedule" time="0.683"/>
  <testcase classname="test.ParticipantTestCases" name="testCreateParticipant" time="0.829"/>
  <testcase classname="test.ParticipantTestCases" name="testGetParticipant" time="0.673"/>
  <testcase classname="test.ParticipantTestCases" name="testListParticipants" time="3.226"/>
  <testcase classname="test.ParticipantTestCases" name="testDeleteParticipant" time="0.922"/>
  <testcase classname="test.EventTestCases" name="testCreateEvent" time="0.71"/>
  <testcase classname="test.EventTestCases" name="testUpdateEvent" time="0.693"/>
  <testcase classname="test.EventTestCases" name="testGetEvent" time="0.58"/>
  <testcase classname="test.EventTestCases" name="testListEvents" time="0.672">
    <skipped/>
  </testcase> <!-- testListEvents -->
  <testcase classname="test.EventTestCases" name="testListEvents" time="0.611">
    <skipped/>
  </testcase> <!-- testListEvents -->
  <testcase classname="test.EventTestCases" name="testListEvents" time="0.529">
    <skipped/>
  </testcase> <!-- testListEvents -->
  <testcase classname="test.EventTestCases" name="testListEvents" time="0.604">
    <failure type="java.lang.NullPointerException" message="Cannot invoke &amp;quot;java.util.Map.containsKey(Object)&amp;quot; because the return value of &amp;quot;io.restassured.path.json.JsonPath.getMap(String)&amp;quot; is null">
      <![CDATA[java.lang.NullPointerException: Cannot invoke "java.util.Map.containsKey(Object)" because the return value of "io.restassured.path.json.JsonPath.getMap(String)" is null
at test.EventTestCases.testListEvents(EventTestCases.java:56)
at java.base/java.util.ArrayList.forEach(ArrayList.java:1511)
at com.intellij.rt.testng.IDEARemoteTestNG.run(IDEARemoteTestNG.java:66)
at com.intellij.rt.testng.RemoteTestNGStarter.main(RemoteTestNGStarter.java:109)
... Removed 22 stack frames]]>
    </failure>
  </testcase> <!-- testListEvents -->
  <testcase classname="test.EventTestCases" name="testDeleteEvent" time="0.584"/>
</testsuite> <!-- Regression -->
